C51 COMPILER V9.01   MAIN                                                                  05/07/2016 17:06:05 PAGE 1   


C51 COMPILER V9.01, COMPILATION OF MODULE MAIN
OBJECT MODULE PLACED IN main.OBJ
COMPILER INVOKED BY: J:\mdk4\C51\BIN\C51.EXE main.c BROWSE DEBUG OBJECTEXTEND

line level    source

   1          
   2          
   3          #include "reg52.h"                       //此文件中定义了单片机的一些特殊功能寄存器
   4          #include "SoundPlay.h"
   5          #include"music.h"
   6          
   7          typedef unsigned int u16;         //对数据类型进行声明定义
   8          typedef unsigned char u8;
   9          
  10          
  11          
  12          void Delay1ms(unsigned int count)
  13          {
  14   1              unsigned int i,j;
  15   1              for(i=0;i<count;i++)
  16   1              for(j=0;j<120;j++);
  17   1      }
  18          
  19          void main()
  20          {
  21   1              InitialSound();
  22   1              while(1)
  23   1              {
  24   2                      Play(Music_Girl,0,3,360);
  25   2                      
  26   2                      Delay1ms(500);
  27   2                      Play(Music_Same,0,3,360);
  28   2                      Delay1ms(500);
  29   2                      Play(Music_Two,0,3,360);
  30   2                      Delay1ms(500);
  31   2              }
  32   1      }


MODULE INFORMATION:   STATIC OVERLAYABLE
   CODE SIZE        =    854    ----
   CONSTANT SIZE    =    936    ----
   XDATA SIZE       =   ----    ----
   PDATA SIZE       =   ----    ----
   DATA SIZE        =      6      51
   IDATA SIZE       =   ----    ----
   BIT SIZE         =   ----    ----
END OF MODULE INFORMATION.


C51 COMPILATION COMPLETE.  0 WARNING(S),  0 ERROR(S)
