C51 COMPILER V9.01   MAIN                                                                  08/22/2016 10:14:22 PAGE 1   


C51 COMPILER V9.01, COMPILATION OF MODULE MAIN
OBJECT MODULE PLACED IN main.OBJ
COMPILER INVOKED BY: J:\mdk4\C51\BIN\C51.EXE main.c BROWSE DEBUG OBJECTEXTEND

line level    source

   1          /**************************************************************************************
   2          *                             单片机IO扩展--74HC595实验                                                                                           *
   3          实现现象：下载程序后，按下独立按键可以点亮对应的led
   4          
   5                                  
   6          注意事项：                                                                                                                                                                
   7          ***************************************************************************************/
   8          
   9          #include "reg51.h"                       //此文件中定义了单片机的一些特殊功能寄存器
  10          #include "intrins.h"
  11          
  12          typedef unsigned int u16;         //对数据类型进行声明定义
  13          typedef unsigned char u8;
  14          
  15          //--定义使用的IO口--//
  16          sbit SRCLK=P3^6;
  17          sbit RCLK=P3^5;
  18          sbit SER=P3^4;
  19          
  20          
  21          /*******************************************************************************
  22          * 函 数 名         : delay
  23          * 函数功能                 : 延时函数，i=1时，大约延时10us
  24          *******************************************************************************/
  25          void delay(u16 i)
  26          {
  27   1              while(i--);     
  28   1      }
  29          
  30          /*******************************************************************************
  31          * 函 数 名         : Hc595SendByte(unsigned char dat)
  32          * 函数功能                 : 想74H595发送一个字节的数据
  33          * 输    入         : 无
  34          * 输    出         : 无
  35          *******************************************************************************/
  36          void Hc595SendByte(unsigned char dat)
  37          {
  38   1              unsigned char a;
  39   1      
  40   1              SRCLK = 1;
  41   1              RCLK = 1;
  42   1      
  43   1              for(a=0;a<8;a++)                 //发送8位数
  44   1              {
  45   2                      SER = dat >> 7;          //从最高位开始发送
  46   2                      dat <<= 1;
  47   2      
  48   2                      SRCLK = 0;                       //发送时序
  49   2                      _nop_();
  50   2                      _nop_();
  51   2                      SRCLK = 1;      
  52   2              }
  53   1              RCLK = 0;
  54   1              _nop_();
  55   1              _nop_();
C51 COMPILER V9.01   MAIN                                                                  08/22/2016 10:14:22 PAGE 2   

  56   1              RCLK = 1;
  57   1      }
  58          
  59          
  60          /*******************************************************************************
  61          * 函 数 名       : main
  62          * 函数功能               : 主函数
  63          * 输    入       : 无
  64          * 输    出       : 无
  65          *******************************************************************************/
  66          void main()
  67          {       
  68   1              u8 ledNum;
  69   1      
  70   1              ledNum = 0x01;
  71   1      
  72   1              while(1)
  73   1              {
  74   2                      Hc595SendByte(ledNum);
  75   2                      ledNum = _crol_(ledNum, 1);
  76   2                      delay(50000);
  77   2              }               
  78   1      }


MODULE INFORMATION:   STATIC OVERLAYABLE
   CODE SIZE        =     77    ----
   CONSTANT SIZE    =   ----    ----
   XDATA SIZE       =   ----    ----
   PDATA SIZE       =   ----    ----
   DATA SIZE        =   ----    ----
   IDATA SIZE       =   ----    ----
   BIT SIZE         =   ----    ----
END OF MODULE INFORMATION.


C51 COMPILATION COMPLETE.  0 WARNING(S),  0 ERROR(S)
