C51 COMPILER V9.01   MAIN                                                                  08/10/2016 15:25:07 PAGE 1   


C51 COMPILER V9.01, COMPILATION OF MODULE MAIN
OBJECT MODULE PLACED IN main.OBJ
COMPILER INVOKED BY: J:\mdk4\C51\BIN\C51.EXE main.c BROWSE DEBUG OBJECTEXTEND

line level    source

   1          /**************************************************************************************
   2          *                             继电器实验                                                                                                  *
   3          实现现象：下载程序后继电器模块指示灯DK亮，会听到继电器吸合的声音
   4          注意事项：无                                                                                                                                                              
   5          ***************************************************************************************/
   6          
   7          #include "reg52.h"                       //此文件中定义了单片机的一些特殊功能寄存器
   8          
   9          typedef unsigned int u16;         //对数据类型进行声明定义
  10          typedef unsigned char u8;
  11          
  12          sbit relay=P1^4;           
  13          
  14          
  15          /*******************************************************************************
  16          * 函 数 名       : main
  17          * 函数功能               : 主函数
  18          * 输    入       : 无
  19          * 输    出       : 无
  20          *******************************************************************************/
  21          void main()
  22          {       
  23   1              relay=0;
  24   1              while(1);
  25   1      }


MODULE INFORMATION:   STATIC OVERLAYABLE
   CODE SIZE        =      4    ----
   CONSTANT SIZE    =   ----    ----
   XDATA SIZE       =   ----    ----
   PDATA SIZE       =   ----    ----
   DATA SIZE        =   ----    ----
   IDATA SIZE       =   ----    ----
   BIT SIZE         =   ----    ----
END OF MODULE INFORMATION.


C51 COMPILATION COMPLETE.  0 WARNING(S),  0 ERROR(S)
