C51 COMPILER V9.01   MAIN                                                                  04/06/2016 13:21:42 PAGE 1   


C51 COMPILER V9.01, COMPILATION OF MODULE MAIN
OBJECT MODULE PLACED IN main.OBJ
COMPILER INVOKED BY: J:\mdk4\C51\BIN\C51.EXE main.c BROWSE DEBUG OBJECTEXTEND

line level    source

   1          #include<reg51.h>
   2          #include"st7565.h"
   3          
   4          //---声明一个全局变量---//
   5          void Delay10ms(unsigned int c);
   6          
   7          /*******************************************************************************
   8          * 函 数 名         : main
   9          * 函数功能                 : 主函数
  10          * 输    入         : 无
  11          * 输    出         : 无
  12          *******************************************************************************/
  13          
  14          void main()
  15          {
  16   1              uchar i = 128;
  17   1              Lcd12864_Init();
  18   1              Lcd12864_ClearScreen();
  19   1                      
  20   1              while (1)
  21   1              {
  22   2                      for (i=0; i<8; i += 2)
  23   2                      {
  24   3                              Lcd12864_ClearScreen();
  25   3      
  26   3                              //--由于这个函数显示方向正好相反--//
  27   3                              Lcd12864_Write16CnCHAR(0, i, "司公限有技科中普");
  28   3                              Delay10ms(100);
  29   3                      }
  30   2              
  31   2              }
  32   1      }
  33          
  34          /*******************************************************************************
  35          * 函 数 名         : Delay10ms
  36          * 函数功能                 : 延时函数，延时10ms
  37          * 输    入         : 无
  38          * 输    出         : 无
  39          *******************************************************************************/
  40          
  41          void Delay10ms(unsigned int c)   //误差 0us
  42          {
  43   1          unsigned char a,b;
  44   1          for(;c>0;c--)
  45   1              for(b=38;b>0;b--)
  46   1                  for(a=130;a>0;a--);
  47   1      }


MODULE INFORMATION:   STATIC OVERLAYABLE
   CODE SIZE        =     73    ----
   CONSTANT SIZE    =     17    ----
   XDATA SIZE       =   ----    ----
   PDATA SIZE       =   ----    ----
   DATA SIZE        =   ----       1
C51 COMPILER V9.01   MAIN                                                                  04/06/2016 13:21:42 PAGE 2   

   IDATA SIZE       =   ----    ----
   BIT SIZE         =   ----    ----
END OF MODULE INFORMATION.


C51 COMPILATION COMPLETE.  0 WARNING(S),  0 ERROR(S)
