C51 COMPILER V9.01   MAIN                                                                  08/13/2016 16:46:26 PAGE 1   


C51 COMPILER V9.01, COMPILATION OF MODULE MAIN
OBJECT MODULE PLACED IN main.OBJ
COMPILER INVOKED BY: J:\mdk4\C51\BIN\C51.EXE main.c BROWSE DEBUG OBJECTEXTEND

line level    source

   1          /**************************************************************************************
   2          *                             单片机IO扩展--74HC165实验                                                                                           *
   3          实现现象：下载程序后数码管显示0，按下矩阵按键上的按键显示对应的数字
   4                                  
   5          注意事项：                                                                                                                                                                
   6          ***************************************************************************************/
   7          
   8          #include "reg52.h"                       //此文件中定义了单片机的一些特殊功能寄存器
   9          #include "intrins.h"
  10          
  11          typedef unsigned int u16;         //对数据类型进行声明定义
  12          typedef unsigned char u8;
  13          
  14          //--定义使用的IO口--//
  15          #define GPIO_LED P0
  16          sbit    IN_PL   = P1^6;    
  17          sbit    IN_Data = P1^7;    //数据通过P1.7脚移进单片机内处理
  18          sbit    SCK    = P3^6;
  19          
  20          
  21          
  22          
  23          /*******************************************************************************
  24          * 函 数 名         : Read74HC165
  25          * 函数功能                 : 使用165读取一个字节数据
  26          * 输    入         : 无
  27          * 输    出         : 无
  28          *******************************************************************************/
  29          
  30          u8 Read74HC165(void)
  31          {  
  32   1        u8 i;
  33   1        u8 indata;
  34   1                      
  35   1         IN_PL = 0;
  36   1         _nop_();        //短暂延时 产生一定宽度的脉冲
  37   1         IN_PL = 1;      //将外部信号全部读入锁存器中
  38   1         _nop_(); 
  39   1                    
  40   1         indata=0;   //保存数据的变量清0  
  41   1         for(i=0; i<8; i++)
  42   1          { 
  43   2                indata = indata<<1;      //左移一位
  44   2                SCK = 0;   //时钟置0   
  45   2            _nop_();
  46   2                indata |= IN_Data;
  47   2            SCK = 1;   //时钟置1        
  48   2              } 
  49   1         
  50   1         return(indata);       
  51   1      }
  52          
  53          
  54          /*******************************************************************************
  55          * 函 数 名       : main
C51 COMPILER V9.01   MAIN                                                                  08/13/2016 16:46:26 PAGE 2   

  56          * 函数功能               : 主函数
  57          * 输    入       : 无
  58          * 输    出       : 无
  59          *******************************************************************************/
  60          void main()
  61          {       
  62   1              u8 h165Value;
  63   1      
  64   1              GPIO_LED = 0;
  65   1              while(1)
  66   1              {
  67   2                      h165Value = Read74HC165();
  68   2                      if(h165Value != 0xFF)
  69   2                      {
  70   3                              GPIO_LED = ~h165Value;
  71   3                      }       
  72   2              }                       
  73   1      }


MODULE INFORMATION:   STATIC OVERLAYABLE
   CODE SIZE        =     45    ----
   CONSTANT SIZE    =   ----    ----
   XDATA SIZE       =   ----    ----
   PDATA SIZE       =   ----    ----
   DATA SIZE        =   ----    ----
   IDATA SIZE       =   ----    ----
   BIT SIZE         =   ----    ----
END OF MODULE INFORMATION.


C51 COMPILATION COMPLETE.  0 WARNING(S),  0 ERROR(S)
