C51 COMPILER V9.01   MAIN                                                                  08/22/2016 17:25:44 PAGE 1   


C51 COMPILER V9.01, COMPILATION OF MODULE MAIN
OBJECT MODULE PLACED IN main.OBJ
COMPILER INVOKED BY: J:\mdk4\C51\BIN\C51.EXE main.c BROWSE DEBUG OBJECTEXTEND

line level    source

   1          /**************************************************************************************
   2          *                             交通灯实验                                                                                                  *
   3          实现现象：下载程序后，按照视频操作正确接线，呈现交通灯现象
   4          注意事项：                                                                                                                                                                
   5          ***************************************************************************************/
   6          
   7          #include "reg52.h"                       //此文件中定义了单片机的一些特殊功能寄存器
   8          
   9          typedef unsigned int u16;         //对数据类型进行声明定义
  10          typedef unsigned char u8;
  11          
  12          sbit LSA=P2^2;
  13          sbit LSB=P2^3;
  14          sbit LSC=P2^4;
  15          
  16          //--定义使用的IO口--//
  17          #define GPIO_DIG   P0
  18          
  19          #define GPIO_TRAFFIC P1
  20          
  21          sbit RED10   = P1^0;   //上人行道红灯
  22          sbit GREEN10 = P1^1;   //上人行道绿灯
  23          sbit RED11   = P1^2;
  24          sbit YELLOW11= P1^3;
  25          sbit GREEN11 = P1^4;
  26          
  27          sbit RED00   = P3^0;    //右人行道红灯
  28          sbit GREEN00 = P3^1;    //右人行道绿灯
  29          sbit RED01   = P1^5;
  30          sbit YELLOW01= P1^6;
  31          sbit GREEN01 = P1^7;
  32          
  33          u8 code smgduan[17]={0x3f,0x06,0x5b,0x4f,0x66,0x6d,0x7d,0x07,
  34                                                  0x7f,0x6f,0x77,0x7c,0x39,0x5e,0x79,0x71};//显示0~F的值
  35          
  36          u8 DisplayData[8];
  37          u8 Second;
  38          
  39          /*******************************************************************************
  40          * 函 数 名         : delay
  41          * 函数功能                 : 延时函数，i=1时，大约延时10us
  42          *******************************************************************************/
  43          void delay(u16 i)
  44          {
  45   1              while(i--);     
  46   1      }
  47          
  48          /*******************************************************************************
  49          * 函 数 名         : DigDisplay
  50          * 函数功能                 : 数码管动态扫描函数，循环扫描8个数码管显示
  51          *******************************************************************************/
  52          void DigDisplay()
  53          {
  54   1              u8 i;
  55   1              for(i=0;i<8;i++)
C51 COMPILER V9.01   MAIN                                                                  08/22/2016 17:25:44 PAGE 2   

  56   1              {
  57   2                      switch(i)        //位选，选择点亮的数码管，
  58   2                      {
  59   3                              case(0):
  60   3                                      LSA=0;LSB=0;LSC=0; break;//显示第0位
  61   3                              case(1):
  62   3                                      LSA=1;LSB=0;LSC=0; break;//显示第1位
  63   3                              case(2):
  64   3                                      LSA=0;LSB=1;LSC=0; break;//显示第2位
  65   3                              case(3):
  66   3                                      LSA=1;LSB=1;LSC=0; break;//显示第3位
  67   3                              case(4):
  68   3                                      LSA=0;LSB=0;LSC=1; break;//显示第4位
  69   3                              case(5):
  70   3                                      LSA=1;LSB=0;LSC=1; break;//显示第5位
  71   3                              case(6):
  72   3                                      LSA=0;LSB=1;LSC=1; break;//显示第6位
  73   3                              case(7):
  74   3                                      LSA=1;LSB=1;LSC=1; break;//显示第7位    
  75   3                      }
  76   2                      GPIO_DIG=DisplayData[i];//发送段码
  77   2                      delay(100); //间隔一段时间扫描  
  78   2                      GPIO_DIG=0x00;//消隐
  79   2              }
  80   1      }
  81          
  82          
  83          /*******************************************************************************
  84          * 函 数 名         : Timer0Init
  85          * 函数功能                 : 定时器0初始化
  86          * 输    入         : 无
  87          * 输    出         : 无
  88          *******************************************************************************/
  89          void Timer0Init()
  90          {
  91   1              TMOD|=0X01;//选择为定时器0模式，工作方式1，仅用TR0打开启动。
  92   1      
  93   1              TH0=0XFC;       //给定时器赋初值，定时1ms
  94   1              TL0=0X18;       
  95   1              ET0=1;//打开定时器0中断允许
  96   1              EA=1;//打开总中断
  97   1              TR0=1;//打开定时器                      
  98   1      }
  99          
 100          /*******************************************************************************
 101          * 函 数 名       : main
 102          * 函数功能               : 主函数
 103          * 输    入       : 无
 104          * 输    出       : 无
 105          *******************************************************************************/
 106          void main()
 107          {       
 108   1              Second = 1;
 109   1      
 110   1              Timer0Init();
 111   1      
 112   1              while(1)
 113   1              {
 114   2                      if(Second == 70)
 115   2                      {
 116   3                              Second = 1;
 117   3                      }
C51 COMPILER V9.01   MAIN                                                                  08/22/2016 17:25:44 PAGE 3   

 118   2      
 119   2                      //--宝田路通行，30秒--//
 120   2                      if(Second < 31)
 121   2                      {
 122   3                              DisplayData[0] = 0x00;
 123   3                              DisplayData[1] = 0x00;
 124   3                              DisplayData[2] = smgduan[(30 - Second) % 100 / 10];
 125   3                              DisplayData[3] = smgduan[(30 - Second) %10];
 126   3                              DisplayData[4] = 0x00;
 127   3                              DisplayData[5] = 0x00;
 128   3                              DisplayData[6] = DisplayData[2];
 129   3                              DisplayData[7] = DisplayData[3];
 130   3                              DigDisplay();
 131   3      
 132   3                              //--宝田路通行--//
 133   3      
 134   3                              GPIO_TRAFFIC = 0xFF;  //将所有的灯熄灭
 135   3                              RED00 = 1;
 136   3                              GREEN00 = 1;
 137   3      
 138   3                              GREEN11 = 0;    //宝田路绿灯亮                  
 139   3                              GREEN10 = 0;    //宝田路人行道绿灯亮
 140   3      
 141   3                              RED01 = 0;      //前进路红灯亮
 142   3                              RED00 = 0;      //前进路人行道红灯亮
 143   3                      }
 144   2      
 145   2                      //--黄灯等待切换状态，5秒--//
 146   2                      else if(Second < 36) 
 147   2                      {
 148   3                              DisplayData[0] = 0x00;
 149   3                              DisplayData[1] = 0x00;
 150   3                              DisplayData[2] = smgduan[(35 - Second) % 100 / 10];
 151   3                              DisplayData[3] = smgduan[(35 - Second) %10];
 152   3                              DisplayData[4] = 0x00;
 153   3                              DisplayData[5] = 0x00;
 154   3                              DisplayData[6] = DisplayData[2];
 155   3                              DisplayData[7] = DisplayData[3];
 156   3                              DigDisplay();
 157   3      
 158   3                              //--黄灯阶段--//
 159   3      
 160   3                              GPIO_TRAFFIC = 0xFF;  //将所有的灯熄灭
 161   3                              RED00 = 1;
 162   3                              GREEN00 = 1;
 163   3      
 164   3                              YELLOW11 = 0;    //宝田路黄灯亮                 
 165   3                              RED10   = 0;     //宝田路人行道红灯亮
 166   3      
 167   3                              YELLOW01 = 0;    //前进路红灯亮
 168   3                              RED00 = 0;       //前进路人行道红灯亮
 169   3                      }
 170   2      
 171   2                      //--前进路通行--//
 172   2                      else if(Second < 66) 
 173   2                      {
 174   3                              DisplayData[0] = 0x00;
 175   3                              DisplayData[1] = 0x00;
 176   3                              DisplayData[2] = smgduan[(65 - Second) % 100 / 10];
 177   3                              DisplayData[3] = smgduan[(65 - Second) %10];
 178   3                              DisplayData[4] = 0x00;
 179   3                              DisplayData[5] = 0x00;
C51 COMPILER V9.01   MAIN                                                                  08/22/2016 17:25:44 PAGE 4   

 180   3                              DisplayData[6] = DisplayData[2];
 181   3                              DisplayData[7] = DisplayData[3];
 182   3                              DigDisplay();
 183   3      
 184   3                              //--黄灯阶段--//
 185   3      
 186   3                              GPIO_TRAFFIC = 0xFF;  //将所有的灯熄灭
 187   3                              RED00 = 1;
 188   3                              GREEN00 = 1;
 189   3      
 190   3                              RED11 = 0;       //宝田路红灯亮                 
 191   3                              RED10 = 0;       //宝田路人行道红灯亮
 192   3      
 193   3                              GREEN01 = 0;     //前进路绿灯亮
 194   3                              GREEN00 = 0;     //前进路人行道绿灯亮
 195   3                      }
 196   2      
 197   2                      //--黄灯等待切换状态，5秒--//
 198   2                      else 
 199   2                      {
 200   3                              DisplayData[0] = 0x00;
 201   3                              DisplayData[1] = 0x00;
 202   3                              DisplayData[2] = smgduan[(70 - Second) % 100 / 10];
 203   3                              DisplayData[3] = smgduan[(70 - Second) %10];
 204   3                              DisplayData[4] = 0x00;
 205   3                              DisplayData[5] = 0x00;
 206   3                              DisplayData[6] = DisplayData[2];
 207   3                              DisplayData[7] = DisplayData[3];
 208   3                              DigDisplay();
 209   3      
 210   3                              //--黄灯阶段--//
 211   3      
 212   3                              GPIO_TRAFFIC = 0xFF;  //将所有的灯熄灭
 213   3                              RED00 = 1;
 214   3                              GREEN00 = 1;
 215   3      
 216   3                              YELLOW11 = 0;    //宝田路黄灯亮                 
 217   3                              RED10   = 0;     //宝田路人行道红灯亮
 218   3      
 219   3                              YELLOW01 = 0;    //前进路红灯亮
 220   3                              RED00 = 0;       //前进路人行道红灯亮
 221   3                      }
 222   2              }                                       
 223   1      }
 224          
 225          
 226          /*******************************************************************************
 227          * 函 数 名         : void Timer0() interrupt 1
 228          * 函数功能                 : 定时器0中断函数
 229          * 输    入         : 无
 230          * 输    出         : 无
 231          *******************************************************************************/
 232          void Timer0() interrupt 1
 233          {
 234   1              static u16 i;
 235   1              TH0=0XFC;       //给定时器赋初值，定时1ms
 236   1              TL0=0X18;
 237   1              i++;
 238   1              if(i==1000)
 239   1              {
 240   2                      i=0;
 241   2                      Second ++;      
C51 COMPILER V9.01   MAIN                                                                  08/22/2016 17:25:44 PAGE 5   

 242   2              }       
 243   1      }


MODULE INFORMATION:   STATIC OVERLAYABLE
   CODE SIZE        =    388    ----
   CONSTANT SIZE    =     17    ----
   XDATA SIZE       =   ----    ----
   PDATA SIZE       =   ----    ----
   DATA SIZE        =     11    ----
   IDATA SIZE       =   ----    ----
   BIT SIZE         =   ----    ----
END OF MODULE INFORMATION.


C51 COMPILATION COMPLETE.  0 WARNING(S),  0 ERROR(S)
