C51 COMPILER V9.01   MAIN                                                                  05/07/2016 16:35:13 PAGE 1   


C51 COMPILER V9.01, COMPILATION OF MODULE MAIN
OBJECT MODULE PLACED IN main.OBJ
COMPILER INVOKED BY: J:\mdk4\C51\BIN\C51.EXE main.c BROWSE DEBUG OBJECTEXTEND

line level    source

   1          
   2          
   3          #include "reg52.h"                       //此文件中定义了单片机的一些特殊功能寄存器
   4          
   5          typedef unsigned int u16;         //对数据类型进行声明定义
   6          typedef unsigned char u8;
   7          
   8          sbit LSA=P2^2;
   9          sbit LSB=P2^3;
  10          sbit LSC=P2^4;
  11          
  12          u8 code smgduan[17]={0x3f,0x06,0x5b,0x4f,0x66,0x6d,0x7d,0x07,
  13                                                  0x7f,0x6f,0x77,0x7c,0x39,0x5e,0x79,0x71};//显示0~F的值
  14          
  15          u8 ssec,sec,min;
  16          u8 DisplayData[8];
  17          /*******************************************************************************
  18          * 函 数 名         : delay
  19          * 函数功能                 : 延时函数，i=1时，大约延时10us
  20          *******************************************************************************/
  21          void delay(u16 i)
  22          {
  23   1              while(i--);     
  24   1      }
  25          
  26          /*******************************************************************************
  27          * 函 数 名         : Timer0Init
  28          * 函数功能                 : 定时器0初始化
  29          * 输    入         : 无
  30          * 输    出         : 无
  31          *******************************************************************************/
  32          void Timer0Init()
  33          {
  34   1              TMOD|=0X01;//选择为定时器0模式，工作方式1，仅用TR0打开启动。
  35   1      
  36   1              TH0=0Xd8;       //给定时器赋初值，定时10ms
  37   1              TL0=0Xf0;       
  38   1              ET0=1;//打开定时器0中断允许
  39   1              EA=1;//打开总中断
  40   1              TR0=1;//打开定时器                      
  41   1      }
  42          
  43          
  44          /*******************************************************************************
  45          * 函 数 名         : DigDisplay
  46          * 函数功能                 : 数码管动态扫描函数，循环扫描8个数码管显示
  47          *******************************************************************************/
  48          void DigDisplay()
  49          {
  50   1              u8 i;
  51   1              for(i=0;i<8;i++)
  52   1              {
  53   2                      switch(i)        //位选，选择点亮的数码管，
  54   2                      {
  55   3                              case(0):
C51 COMPILER V9.01   MAIN                                                                  05/07/2016 16:35:13 PAGE 2   

  56   3                                      LSA=0;LSB=0;LSC=0; break;//显示第0位
  57   3                              case(1):
  58   3                                      LSA=1;LSB=0;LSC=0; break;//显示第1位
  59   3                              case(2):
  60   3                                      LSA=0;LSB=1;LSC=0; break;//显示第2位
  61   3                              case(3):
  62   3                                      LSA=1;LSB=1;LSC=0; break;//显示第3位
  63   3                              case(4):
  64   3                                      LSA=0;LSB=0;LSC=1; break;//显示第4位
  65   3                              case(5):
  66   3                                      LSA=1;LSB=0;LSC=1; break;//显示第5位
  67   3                              case(6):
  68   3                                      LSA=0;LSB=1;LSC=1; break;//显示第6位
  69   3                              case(7):
  70   3                                      LSA=1;LSB=1;LSC=1; break;//显示第7位    
  71   3                      }
  72   2                      P0=DisplayData[i];//发送段码
  73   2                      delay(100); //间隔一段时间扫描  
  74   2                      P0=0x00;//消隐
  75   2              }
  76   1      }
  77          
  78          void datapros()
  79          {
  80   1              DisplayData[0]=smgduan[ssec%10];
  81   1              DisplayData[1]=smgduan[ssec/10];
  82   1              DisplayData[2]=0x40;    
  83   1              DisplayData[3]=smgduan[sec%10];
  84   1              DisplayData[4]=smgduan[sec/10];
  85   1              DisplayData[5]=0x40;
  86   1              DisplayData[6]=smgduan[min%10];
  87   1              DisplayData[7]=smgduan[min/10];
  88   1      }
  89          /*******************************************************************************
  90          * 函 数 名       : main
  91          * 函数功能               : 主函数
  92          * 输    入       : 无
  93          * 输    出       : 无
  94          *******************************************************************************/
  95          void main()
  96          {       
  97   1              Timer0Init();  //定时器0初始化
  98   1              while(1)
  99   1              {
 100   2                      datapros();
 101   2                      DigDisplay();   
 102   2              }               
 103   1      }
 104          
 105          /*******************************************************************************
 106          * 函 数 名         : void Timer0() interrupt 1
 107          * 函数功能                 : 定时器0中断函数
 108          * 输    入         : 无
 109          * 输    出         : 无
 110          *******************************************************************************/
 111          void Timer0() interrupt 1
 112          {
 113   1              TH0=0Xd8;       //给定时器赋初值，定时10ms
 114   1              TL0=0Xf0;
 115   1              ssec++;
 116   1              if(ssec>=100)  //1s
 117   1              {
C51 COMPILER V9.01   MAIN                                                                  05/07/2016 16:35:13 PAGE 3   

 118   2                      ssec=0;
 119   2                      sec++;
 120   2                      if(sec>=60)
 121   2                      {
 122   3                              sec=0;
 123   3                              min++;
 124   3                              if(min>=60)
 125   3                              {
 126   4                                      min=0;
 127   4                              }
 128   3                      }       
 129   2              }       
 130   1      }


MODULE INFORMATION:   STATIC OVERLAYABLE
   CODE SIZE        =    266    ----
   CONSTANT SIZE    =     17    ----
   XDATA SIZE       =   ----    ----
   PDATA SIZE       =   ----    ----
   DATA SIZE        =     11    ----
   IDATA SIZE       =   ----    ----
   BIT SIZE         =   ----    ----
END OF MODULE INFORMATION.


C51 COMPILATION COMPLETE.  0 WARNING(S),  0 ERROR(S)
