C51 COMPILER V9.01   MAIN                                                                  08/09/2016 17:31:26 PAGE 1   


C51 COMPILER V9.01, COMPILATION OF MODULE MAIN
OBJECT MODULE PLACED IN main.OBJ
COMPILER INVOKED BY: J:\mdk4\C51\BIN\C51.EXE main.c BROWSE DEBUG OBJECTEXTEND

line level    source

   1          /**************************************************************************************
   2          *                             动态数码管显示实验                                                                                                  *
   3          实现现象：下载程序后数码管从左至右显示0-7。
   4          注意事项：                                                                                                                                                                
   5          ***************************************************************************************/
   6          
   7          #include "reg52.h"                       //此文件中定义了单片机的一些特殊功能寄存器
   8          
   9          typedef unsigned int u16;         //对数据类型进行声明定义
  10          typedef unsigned char u8;
  11          
  12          sbit LSA=P2^2;
  13          sbit LSB=P2^3;
  14          sbit LSC=P2^4;
  15          
  16          u8 code smgduan[17]={0x3f,0x06,0x5b,0x4f,0x66,0x6d,0x7d,0x07,
  17                                                  0x7f,0x6f,0x77,0x7c,0x39,0x5e,0x79,0x71};//显示0~F的值
  18          
  19          /*******************************************************************************
  20          * 函 数 名         : delay
  21          * 函数功能                 : 延时函数，i=1时，大约延时10us
  22          *******************************************************************************/
  23          void delay(u16 i)
  24          {
  25   1              while(i--);     
  26   1      }
  27          
  28          /*******************************************************************************
  29          * 函 数 名         : DigDisplay
  30          * 函数功能                 : 数码管动态扫描函数，循环扫描8个数码管显示
  31          *******************************************************************************/
  32          void DigDisplay()
  33          {
  34   1              u8 i;
  35   1              for(i=0;i<8;i++)
  36   1              {
  37   2                      switch(i)        //位选，选择点亮的数码管，
  38   2                      {
  39   3                              case(0):
  40   3                                      LSA=0;LSB=0;LSC=0; break;//显示第0位
  41   3                              case(1):
  42   3                                      LSA=1;LSB=0;LSC=0; break;//显示第1位
  43   3                              case(2):
  44   3                                      LSA=0;LSB=1;LSC=0; break;//显示第2位
  45   3                              case(3):
  46   3                                      LSA=1;LSB=1;LSC=0; break;//显示第3位
  47   3                              case(4):
  48   3                                      LSA=0;LSB=0;LSC=1; break;//显示第4位
  49   3                              case(5):
  50   3                                      LSA=1;LSB=0;LSC=1; break;//显示第5位
  51   3                              case(6):
  52   3                                      LSA=0;LSB=1;LSC=1; break;//显示第6位
  53   3                              case(7):
  54   3                                      LSA=1;LSB=1;LSC=1; break;//显示第7位    
  55   3                      }
C51 COMPILER V9.01   MAIN                                                                  08/09/2016 17:31:26 PAGE 2   

  56   2                      P0=smgduan[i];//发送段码
  57   2                      delay(100); //间隔一段时间扫描  
  58   2                      P0=0x00;//消隐
  59   2              }
  60   1      }
  61          
  62          /*******************************************************************************
  63          * 函 数 名       : main
  64          * 函数功能               : 主函数
  65          * 输    入       : 无
  66          * 输    出       : 无
  67          *******************************************************************************/
  68          void main()
  69          {       
  70   1              while(1)
  71   1              {       
  72   2                      DigDisplay();  //数码管显示函数 
  73   2              }               
  74   1      }


MODULE INFORMATION:   STATIC OVERLAYABLE
   CODE SIZE        =    125    ----
   CONSTANT SIZE    =     17    ----
   XDATA SIZE       =   ----    ----
   PDATA SIZE       =   ----    ----
   DATA SIZE        =   ----    ----
   IDATA SIZE       =   ----    ----
   BIT SIZE         =   ----    ----
END OF MODULE INFORMATION.


C51 COMPILATION COMPLETE.  0 WARNING(S),  0 ERROR(S)
