C51 COMPILER V9.01   MAIN                                                                  05/17/2016 09:10:00 PAGE 1   


C51 COMPILER V9.01, COMPILATION OF MODULE MAIN
OBJECT MODULE PLACED IN main.OBJ
COMPILER INVOKED BY: J:\mdk4\C51\BIN\C51.EXE main.c BROWSE DEBUG OBJECTEXTEND

line level    source

   1          
   2          #include<reg51.h>
   3          #include<intrins.h>     
   4          #include"lcd.h"
   5          
   6          sbit Trig = P2^1;
   7          sbit Echo = P2^0;
   8          
   9          
  10          
  11          unsigned char PuZh[]=" Pechin Science ";
  12          unsigned char code ASCII[15] =    {'0','1','2','3','4','5','6','7','8','9','.','-','M'};
  13          
  14          static unsigned char DisNum = 0; //显示用指针                             
  15                 unsigned int  time=0;
  16                     unsigned long S=0;
  17                     bit      flag =0;
  18                     unsigned char disbuff[4]        ={ 0,0,0,0,};
  19          /*******************************************************************************
  20          * 函 数 名         : main
  21          * 函数功能                 : 主函数
  22          * 输    入         : 无
  23          * 输    出         : 无
  24          *******************************************************************************/
  25          void Conut(void)
  26                  {
  27   1               time=TH0*256+TL0;
  28   1               TH0=0;
  29   1               TL0=0;
  30   1              
  31   1               S=(time*1.7)/100;     //算出来是CM
  32   1               if((S>=700)||flag==1) //超出测量范围显示“-”
  33   1               {       
  34   2                flag=0;
  35   2               
  36   2                DisplayOneChar(0, 1, ASCII[11]);
  37   2                DisplayOneChar(1, 1, ASCII[10]);      //显示点
  38   2                DisplayOneChar(2, 1, ASCII[11]);
  39   2                DisplayOneChar(3, 1, ASCII[11]);
  40   2                DisplayOneChar(4, 1, ASCII[12]);      //显示M
  41   2               }
  42   1               else
  43   1               {
  44   2                disbuff[0]=S%1000/100;
  45   2                disbuff[1]=S%1000%100/10;
  46   2                disbuff[2]=S%1000%10 %10;
  47   2                DisplayOneChar(0, 1, ASCII[disbuff[0]]);
  48   2                DisplayOneChar(1, 1, ASCII[10]);      //显示点
  49   2                DisplayOneChar(2, 1, ASCII[disbuff[1]]);
  50   2                DisplayOneChar(3, 1, ASCII[disbuff[2]]);
  51   2                DisplayOneChar(4, 1, ASCII[12]);      //显示M
  52   2               }
  53   1              }
  54          
  55          void zd0() interrupt 1           //T0中断用来计数器溢出,超过测距范围
C51 COMPILER V9.01   MAIN                                                                  05/17/2016 09:10:00 PAGE 2   

  56            {
  57   1          flag=1;                                                      //中断溢出标志
  58   1        }
  59          
  60           void  StartModule()                     //启动模块
  61            {
  62   1                Trig=1;                                            //启动一次模块
  63   1                _nop_(); 
  64   1                _nop_(); 
  65   1                _nop_(); 
  66   1                _nop_(); 
  67   1                _nop_(); 
  68   1                _nop_(); 
  69   1                _nop_(); 
  70   1                _nop_(); 
  71   1                _nop_(); 
  72   1                _nop_(); 
  73   1                _nop_(); 
  74   1                _nop_(); 
  75   1                _nop_(); 
  76   1                _nop_(); 
  77   1                _nop_(); 
  78   1                _nop_(); 
  79   1                _nop_();
  80   1                _nop_(); 
  81   1                _nop_(); 
  82   1                _nop_(); 
  83   1                _nop_();
  84   1                Trig=0;
  85   1        }
  86          
  87          
  88          
  89          void delayms(unsigned int ms)
  90          {
  91   1              unsigned char i=100,j;
  92   1              for(;ms;ms--)
  93   1              {
  94   2                      while(--i)
  95   2                      {
  96   3                              j=10;
  97   3                              while(--j);
  98   3                      }
  99   2              }
 100   1      }
 101          
 102          void main(void)
 103          {
 104   1      
 105   1               TMOD=0x01;                //设T0为方式1，GATE=1；
 106   1               TH0=0;
 107   1               TL0=0;          
 108   1               ET0=1;             //允许T0中断
 109   1               EA=1;                     //开启总中断 
 110   1      
 111   1              InitLcd1602();
 112   1              LcdShowStr(0,0,PuZh);
 113   1              while(1)
 114   1              {
 115   2                       StartModule();
 116   2                   while(!Echo);              //当RX为零时等待
 117   2                   TR0=1;                         //开启计数
C51 COMPILER V9.01   MAIN                                                                  05/17/2016 09:10:00 PAGE 3   

 118   2                   while(Echo);                       //当RX为1计数并等待
 119   2                   TR0=0;                             //关闭计数
 120   2               Conut();                       //计算
 121   2                       delayms(80);
 122   2              }
 123   1                              
 124   1      }


MODULE INFORMATION:   STATIC OVERLAYABLE
   CODE SIZE        =    455    ----
   CONSTANT SIZE    =     15    ----
   XDATA SIZE       =   ----    ----
   PDATA SIZE       =   ----    ----
   DATA SIZE        =     28    ----
   IDATA SIZE       =   ----    ----
   BIT SIZE         =      1    ----
END OF MODULE INFORMATION.


C51 COMPILATION COMPLETE.  0 WARNING(S),  0 ERROR(S)
