C51 COMPILER V9.01   MAIN                                                                  08/23/2016 15:16:33 PAGE 1   


C51 COMPILER V9.01, COMPILATION OF MODULE MAIN
OBJECT MODULE PLACED IN main.OBJ
COMPILER INVOKED BY: J:\mdk4\C51\BIN\C51.EXE main.c BROWSE DEBUG OBJECTEXTEND

line level    source

   1          /**************************************************************************************
   2          *                             DA-PWM输出实验                                                                                              *
   3          实现现象：      具体接线操作请参考视频
   4                                  下载程序后DA模块上的指示灯呈呼吸灯效果，由暗变亮再由亮变暗
   5          注意事项：要将AD/DA模块上的短接片将OUT和LED短接，板子丝印上有。                                                                                                                                                           
   6          ***************************************************************************************/
   7          
   8          #include "reg52.h"                       //此文件中定义了单片机的一些特殊功能寄存器
   9          
  10          typedef unsigned int u16;         //对数据类型进行声明定义
  11          typedef unsigned char u8;
  12          
  13          //--定义使用的IO口--//
  14          sbit PWM=P2^1;
  15          bit DIR;
  16          
  17          //--定义一个全局变量--// 
  18          u16 count,value,timer1;
  19          
  20          /*******************************************************************************
  21          * 函 数 名         : Timer1Init
  22          * 函数功能                 : 定时器1初始化
  23          * 输    入         : 无
  24          * 输    出         : 无
  25          *******************************************************************************/
  26          void Timer1Init()
  27          {
  28   1              TMOD|=0X10;//选择为定时器1模式，工作方式1，仅用TR1打开启动。
  29   1      
  30   1              TH1 = 0xFF; 
  31   1              TL1 = 0xff;   //1us
  32   1                      
  33   1              ET1=1;//打开定时器1中断允许
  34   1              EA=1;//打开总中断
  35   1              TR1=1;//打开定时器                      
  36   1      }
  37          
  38          
  39          /*******************************************************************************
  40          * 函 数 名       : main
  41          * 函数功能               : 主函数
  42          * 输    入       : 无
  43          * 输    出       : 无
  44          *******************************************************************************/
  45          void main()
  46          {       
  47   1              Timer1Init();  //定时器1初始化
  48   1              while(1)
  49   1              {
  50   2                      if(count>100)                                                   
  51   2                      {  
  52   3                              count=0;
  53   3                              if(DIR==1)                                         //DIR控制增加或减小
  54   3                              {
  55   4                                value++;
C51 COMPILER V9.01   MAIN                                                                  08/23/2016 15:16:33 PAGE 2   

  56   4                              }                       
  57   3                              if(DIR==0)
  58   3                              {
  59   4                                value--;
  60   4                              }
  61   3                                      
  62   3                      }
  63   2      
  64   2                      if(value==1000)
  65   2                      {
  66   3                        DIR=0;
  67   3                      }
  68   2                      if(value==0)
  69   2                      {
  70   3                        DIR=1;
  71   3                      }       
  72   2                                      
  73   2                      if(timer1>1000)  //PWM周期为1000*1us
  74   2                      {
  75   3                              timer1=0;
  76   3                      }
  77   2                      if(timer1 <value)       
  78   2                      {
  79   3                              PWM=1;
  80   3                      }
  81   2                      else
  82   2                      {
  83   3                              PWM=0;
  84   3                      }               
  85   2              }               
  86   1      }
  87          
  88          /*******************************************************************************
  89          * 函 数 名       : Time1
  90          * 函数功能               : 定时器1的中断函数
  91          * 输    入       : 无
  92          * 输    出       : 无
  93          *******************************************************************************/
  94          
  95          void Time1(void) interrupt 3    //3 为定时器1的中断号  1 定时器0的中断号 0 外部中断1 2 外部中断2  4 串口中
             -断
  96          {
  97   1              TH1 = 0xFF; 
  98   1              TL1 = 0xff;   //1us
  99   1              timer1++; 
 100   1          count++;
 101   1              
 102   1      }
 103          


MODULE INFORMATION:   STATIC OVERLAYABLE
   CODE SIZE        =    139    ----
   CONSTANT SIZE    =   ----    ----
   XDATA SIZE       =   ----    ----
   PDATA SIZE       =   ----    ----
   DATA SIZE        =      6    ----
   IDATA SIZE       =   ----    ----
   BIT SIZE         =      1    ----
END OF MODULE INFORMATION.


C51 COMPILATION COMPLETE.  0 WARNING(S),  0 ERROR(S)
