C51 COMPILER V9.01   MAIN                                                                  08/24/2016 17:29:15 PAGE 1   


C51 COMPILER V9.01, COMPILATION OF MODULE MAIN
OBJECT MODULE PLACED IN main.OBJ
COMPILER INVOKED BY: J:\mdk4\C51\BIN\C51.EXE main.c BROWSE DEBUG OBJECTEXTEND

line level    source

   1          /**************************************************************************************
   2          *                             步进电机实验                                                                                                *
   3          实现现象：下载程序后，按照光盘内操作视频接线，步进电机旋转
   4          注意事项：无                                                                                                                                                              
   5          ***************************************************************************************/
   6          
   7          #include "reg52.h"                       //此文件中定义了单片机的一些特殊功能寄存器
   8          #include<intrins.h>             //因为要用到左右移函数，所以加入这个头文件
   9          
  10          typedef unsigned int u16;         //对数据类型进行声明定义
  11          typedef unsigned char u8;
  12          
  13          sbit MOTOA = P1^0;
  14          sbit MOTOB = P1^1;
  15          sbit MOTOC = P1^2;
  16          sbit MOTOD = P1^3;      
  17          
  18          #define SPEED 200 
  19          
  20          /*******************************************************************************
  21          * 函 数 名         : delay
  22          * 函数功能                 : 延时函数，i=1时，大约延时10us
  23          *******************************************************************************/
  24          void delay(u16 i)
  25          {
  26   1              while(i--);     
  27   1      }
  28          
  29          
  30          /*******************************************************************************
  31          * 函 数 名       : main
  32          * 函数功能               : 主函数
  33          * 输    入       : 无
  34          * 输    出       : 无
  35          *******************************************************************************/
  36          void main()
  37          {       
  38   1              P1=0X00;
  39   1              while(1)
  40   1              {       
  41   2                      MOTOA = 1;
  42   2                      MOTOB = 0;
  43   2                      MOTOC = 1;
  44   2                      MOTOD = 1;
  45   2                      delay(SPEED);
  46   2      
  47   2                      MOTOA = 1;
  48   2                      MOTOB = 1;
  49   2                      MOTOC = 1;
  50   2                      MOTOD = 0;
  51   2                      delay(SPEED);
  52   2      
  53   2                      MOTOA = 0;
  54   2                      MOTOB = 1;
  55   2                      MOTOC = 1;
C51 COMPILER V9.01   MAIN                                                                  08/24/2016 17:29:15 PAGE 2   

  56   2                      MOTOD = 1;
  57   2                      delay(SPEED);
  58   2      
  59   2                      MOTOA = 1;
  60   2                      MOTOB = 1;
  61   2                      MOTOC = 0;
  62   2                      MOTOD = 1;
  63   2                      delay(SPEED);
  64   2                                                              
  65   2              }
  66   1      }


MODULE INFORMATION:   STATIC OVERLAYABLE
   CODE SIZE        =     58    ----
   CONSTANT SIZE    =   ----    ----
   XDATA SIZE       =   ----    ----
   PDATA SIZE       =   ----    ----
   DATA SIZE        =   ----    ----
   IDATA SIZE       =   ----    ----
   BIT SIZE         =   ----    ----
END OF MODULE INFORMATION.


C51 COMPILATION COMPLETE.  0 WARNING(S),  0 ERROR(S)
