C51 COMPILER V9.01   MAIN                                                                  05/09/2016 09:10:33 PAGE 1   


C51 COMPILER V9.01, COMPILATION OF MODULE MAIN
OBJECT MODULE PLACED IN main.OBJ
COMPILER INVOKED BY: J:\mdk4\C51\BIN\C51.EXE main.c BROWSE DEBUG OBJECTEXTEND

line level    source

   1          
   2          
   3          #include "reg52.h"                       //此文件中定义了单片机的一些特殊功能寄存器
   4          
   5          typedef unsigned int u16;         //对数据类型进行声明定义
   6          typedef unsigned char u8;
   7          
   8          sbit k1=P3^1;
   9          sbit k2=P3^0;
  10          
  11          sbit beep=P1^5;
  12          
  13          u8 start=0;
  14          
  15          /*******************************************************************************
  16          * 函 数 名         : delay
  17          * 函数功能                 : 延时函数，i=1时，大约延时10us
  18          *******************************************************************************/
  19          void delay(u16 i)
  20          {
  21   1              while(i--);     
  22   1      }
  23          
  24          void sound()
  25          {
  26   1              u8 i=100;
  27   1              while(i--)
  28   1              {
  29   2                      beep=~beep;
  30   2                      delay(100);     
  31   2              }
  32   1      }
  33          void keypros()
  34          {
  35   1              if(k1==0)                        //开始
  36   1              {
  37   2                      delay(1000);
  38   2                      if(k1==0)
  39   2                      {
  40   3                              start=1;                
  41   3                      }
  42   2                      while(!k1);
  43   2              }
  44   1              if(k2==0)                         //停止
  45   1              {
  46   2                      delay(1000);
  47   2                      if(k2==0)
  48   2                      {
  49   3                              start=0;                
  50   3                      }
  51   2                      while(!k2);
  52   2              }
  53   1      }
  54          /*******************************************************************************
  55          * 函 数 名       : main
C51 COMPILER V9.01   MAIN                                                                  05/09/2016 09:10:33 PAGE 2   

  56          * 函数功能               : 主函数
  57          * 输    入       : 无
  58          * 输    出       : 无
  59          *******************************************************************************/
  60          void main()
  61          {       
  62   1              while(1)
  63   1              {
  64   2                      keypros();
  65   2                      if(start==1)
  66   2                      {
  67   3                              sound();
  68   3                      }
  69   2                      else
  70   2                      {
  71   3                              beep=1;
  72   3                      }               
  73   2              }               
  74   1      }
  75          
  76          


MODULE INFORMATION:   STATIC OVERLAYABLE
   CODE SIZE        =     87    ----
   CONSTANT SIZE    =   ----    ----
   XDATA SIZE       =   ----    ----
   PDATA SIZE       =   ----    ----
   DATA SIZE        =      1    ----
   IDATA SIZE       =   ----    ----
   BIT SIZE         =   ----    ----
END OF MODULE INFORMATION.


C51 COMPILATION COMPLETE.  0 WARNING(S),  0 ERROR(S)
