C51 COMPILER V9.01   滚_显示                                                              05/17/2016 09:51:52 PAGE 1   


C51 COMPILER V9.01, COMPILATION OF MODULE 滚_显示
OBJECT MODULE PLACED IN 滚动显示.OBJ
COMPILER INVOKED BY: J:\mdk4\C51\BIN\C51.EXE 滚动显示.c BROWSE DEBUG OBJECTEXTEND

line level    source

   1          #include<reg52.h>
   2          typedef unsigned char uint8;
   3          typedef unsigned int uint16;
   4          sbit rs=P2^6;
   5          sbit rw=P2^5;
   6          sbit e=P2^7;
   7          uint8 a[16]="perchin designed";
   8          uint8 b[27]="welcome to the world of mcu";
   9          void delay(uint16 i)  //1us
  10          {
  11   1              while(i--);
  12   1      }
  13          void wrc(uint8 c)
  14          {
  15   1              delay(1000);
  16   1              rs=0;
  17   1              rw=0;
  18   1              e=0;
  19   1              P0=c;
  20   1              e=1;
  21   1              delay(10);
  22   1              e=0;
  23   1              /*
  24   1              P0=c<<4;
  25   1              e=1;
  26   1              e=0;*/       //四位的LCD要加上
  27   1      }
  28          void wrd(uint8 dat)
  29          {
  30   1              delay(1000);
  31   1              rs=1;
  32   1              rw=0;
  33   1              e=0;
  34   1              P0=dat;
  35   1              e=1;
  36   1              delay(10);
  37   1              e=0;
  38   1              /*
  39   1              P0=dat<<4;
  40   1              e=1;
  41   1              e=0;*/     //四位的LCD要加上
  42   1              rs=0;   
  43   1      }
  44          void init()
  45          {
  46   1              delay(1000);
  47   1              /*wrc(0x32);     
  48   1              wrc(0x28);
  49   1              wrc(0x28);      */      //四位的LCD要加上
  50   1              wrc(0x38);
  51   1              wrc(0x38);
  52   1              wrc(0x38);      
  53   1              wrc(0x0c);      
  54   1              wrc(0x01);      
  55   1      }
C51 COMPILER V9.01   滚_显示                                                              05/17/2016 09:51:52 PAGE 2   

  56          void display()
  57          {
  58   1              uint8 i;
  59   1              wrc(0x00+0x80);
  60   1              for(i=0;i<16;i++)
  61   1              {
  62   2                      wrd(a[i]);      
  63   2              }
  64   1              wrc(0x40+0x80);
  65   1              for(i=0;i<27;i++)
  66   1              {
  67   2                      wrd(b[i]);
  68   2              } 
  69   1              wrc(0x07);       //每写一个数据屏幕就要右移一位，就相对于数据来说就是左移了；
  70   1              while(1)
  71   1              {       
  72   2                      wrc(0x00+0x80);
  73   2                      for(i=0;i<16;i++)
  74   2                      {
  75   3                              wrd(a[i]);
  76   3                              delay(30000);   //如果不加这条延时语句的话滚动会非常快。
  77   3                      }
  78   2              }
  79   1      }
  80          void main()
  81          {
  82   1              init();
  83   1              while(1)
  84   1              {
  85   2                      display();
  86   2              }       
  87   1      } 


MODULE INFORMATION:   STATIC OVERLAYABLE
   CODE SIZE        =    163    ----
   CONSTANT SIZE    =   ----    ----
   XDATA SIZE       =   ----    ----
   PDATA SIZE       =   ----    ----
   DATA SIZE        =     43    ----
   IDATA SIZE       =   ----    ----
   BIT SIZE         =   ----    ----
END OF MODULE INFORMATION.


C51 COMPILATION COMPLETE.  0 WARNING(S),  0 ERROR(S)
