C51 COMPILER V9.01   MAIN                                                                  04/23/2016 14:35:00 PAGE 1   


C51 COMPILER V9.01, COMPILATION OF MODULE MAIN
OBJECT MODULE PLACED IN main.OBJ
COMPILER INVOKED BY: J:\mdk4\C51\BIN\C51.EXE main.c BROWSE DEBUG OBJECTEXTEND

line level    source

   1          /**************************************************************************************
   2          *                             定时器秒表(查询方式)实验                                                                                            *
   3          实现现象：下载程序后数码管最后两位实现秒表功能。
   4          注意事项：如果不想让点阵模块显示，可以将74HC595模块上的JP595短接片拔掉。                                                                                                                                                                  
   5          ***************************************************************************************/
   6          
   7          #include "reg52.h"                       //此文件中定义了单片机的一些特殊功能寄存器
   8          
   9          typedef unsigned int u16;         //对数据类型进行声明定义
  10          typedef unsigned char u8;
  11          
  12          sbit LSA=P2^2;
  13          sbit LSB=P2^3;
  14          sbit LSC=P2^4;
  15          
  16          u8 code smgduan[17]={0x3f,0x06,0x5b,0x4f,0x66,0x6d,0x7d,0x07,
  17                                                  0x7f,0x6f,0x77,0x7c,0x39,0x5e,0x79,0x71};//显示0~F的值
  18          u16 s;
  19          u8 sec,mb[2];
  20          
  21          /*******************************************************************************
  22          * 函 数 名         : Timer0Init
  23          * 函数功能                 : 定时器0初始化
  24          * 输    入         : 无
  25          * 输    出         : 无
  26          *******************************************************************************/
  27          void Timer0Init()
  28          {
  29   1              TMOD|=0X01;//选择为定时器0模式，工作方式1，仅用TR0打开启动。
  30   1              TH0=0XFC;       //给定时器赋初值，定时1ms
  31   1              TL0=0X18;       
  32   1              TR0=1;//打开定时器                      
  33   1      }
  34          
  35          /*******************************************************************************
  36          * 函 数 名         : delay
  37          * 函数功能                 : 延时函数，i=1时，大约延时10us
  38          *******************************************************************************/
  39          void delay(u16 i)
  40          {
  41   1              while(i--);     
  42   1      }
  43          
  44          
  45          /*******************************************************************************
  46          * 函 数 名         : DigDisplay
  47          * 函数功能                 : 数码管动态扫描函数，循环扫描2个数码管显示
  48          *******************************************************************************/
  49          void DigDisplay()
  50          {
  51   1              u8 i;
  52   1              for(i=0;i<2;i++)
  53   1              {
  54   2                      switch(i)        //位选，选择点亮的数码管，
  55   2                      {
C51 COMPILER V9.01   MAIN                                                                  04/23/2016 14:35:00 PAGE 2   

  56   3                              case(0):
  57   3                                      LSA=0;LSB=0;LSC=0; break;//显示第0位
  58   3                              case(1):
  59   3                                      LSA=1;LSB=0;LSC=0; break;//显示第1位    
  60   3                      }
  61   2                      P0=smgduan[mb[i]];//发送段码
  62   2                      delay(1); //间隔一段时间扫描    
  63   2                      P0=0x00;//消隐
  64   2              }
  65   1      }
  66          
  67          
  68          /*******************************************************************************
  69          * 函 数 名       : main
  70          * 函数功能               : 主函数
  71          * 输    入       : 无
  72          * 输    出       : 无
  73          *******************************************************************************/
  74          void main()
  75          {       
  76   1              Timer0Init();
  77   1              while(1)
  78   1              {
  79   2                      if(TF0==1)
  80   2                      {
  81   3                              TF0=0;
  82   3                              TH0=0XFC;       //给定时器赋初值，定时1ms
  83   3                              TL0=0X18;
  84   3                              s++;
  85   3                      }
  86   2                      if(s==1000)              //到达1s时间
  87   2                      {       
  88   3                              s=0;
  89   3                              sec++;
  90   3                              if(sec==100)sec=0;       //计时到100秒后重新开始
  91   3                      }
  92   2                      mb[0]=sec%10;      //秒表个位
  93   2                  mb[1]=sec/10;          //秒表十位
  94   2                      DigDisplay();
  95   2              }
  96   1      }


MODULE INFORMATION:   STATIC OVERLAYABLE
   CODE SIZE        =    137    ----
   CONSTANT SIZE    =     17    ----
   XDATA SIZE       =   ----    ----
   PDATA SIZE       =   ----    ----
   DATA SIZE        =      5    ----
   IDATA SIZE       =   ----    ----
   BIT SIZE         =   ----    ----
END OF MODULE INFORMATION.


C51 COMPILATION COMPLETE.  0 WARNING(S),  0 ERROR(S)
