C51 COMPILER V9.55   LCD1602                                                               06/20/2020 22:03:47 PAGE 1   


C51 COMPILER V9.55, COMPILATION OF MODULE LCD1602
OBJECT MODULE PLACED IN .\Objects\lcd1602.obj
COMPILER INVOKED BY: C:\Keil_v5\C51\BIN\C51.EXE lcd1602.c OPTIMIZE(8,SPEED) BROWSE DEBUG OBJECTEXTEND PRINT(.\Listings\l
                    -cd1602.lst) TABS(2) OBJECT(.\Objects\lcd1602.obj)

line level    source

   1          #include "lcd1602.h"
   2          
   3          #include "reg51.h"
   4          #include "intrins.h"
   5          
   6          
   7          
   8          void WriteCommand(unsigned char comm)
   9          {
  10   1        E = 0;  // E为高电平时会将引脚上的数据写入寄存器 
  11   1        RS = 0; // 发送命令
  12   1        RW = 0; // 写
  13   1        DATAPORT=comm;
  14   1        delay1ms();
  15   1          
  16   1        E = 1;  // 写入
  17   1        delay1ms();
  18   1        E = 0;
  19   1      }
  20          
  21          
  22          void WriteData(unsigned char value)
  23          {
  24   1        E = 0;
  25   1        RS = 1; // 发送数据
  26   1        RW = 0; // 写
  27   1        
  28   1        DATAPORT = value;
  29   1        delay1ms();
  30   1        E = 1;
  31   1        delay1ms();
  32   1        E = 0;
  33   1      }
  34          
  35          
  36          void LCD1602Init()
  37          {
  38   1        WriteCommand(0x38); // 8位数据总线 2行显示 5*7点阵/每字符
  39   1        WriteCommand(0x06); // 写后光标右移，不移动屏幕
  40   1        WriteCommand(0x0c); // 开显示 不显示光标
  41   1        WriteCommand(0x01); // 清屏
  42   1        WriteCommand(0x80); // 起始显示点，第一个行第一个位置
  43   1      }


MODULE INFORMATION:   STATIC OVERLAYABLE
   CODE SIZE        =     63    ----
   CONSTANT SIZE    =   ----    ----
   XDATA SIZE       =   ----    ----
   PDATA SIZE       =   ----    ----
   DATA SIZE        =   ----    ----
   IDATA SIZE       =   ----    ----
   BIT SIZE         =   ----    ----
END OF MODULE INFORMATION.

C51 COMPILER V9.55   LCD1602                                                               06/20/2020 22:03:47 PAGE 2   


C51 COMPILATION COMPLETE.  0 WARNING(S),  0 ERROR(S)
