C51 COMPILER V9.55   MAIN                                                                  06/20/2020 22:03:46 PAGE 1   


C51 COMPILER V9.55, COMPILATION OF MODULE MAIN
OBJECT MODULE PLACED IN .\Objects\main.obj
COMPILER INVOKED BY: C:\Keil_v5\C51\BIN\C51.EXE main.c OPTIMIZE(8,SPEED) BROWSE DEBUG OBJECTEXTEND PRINT(.\Listings\main
                    -.lst) TABS(2) OBJECT(.\Objects\main.obj)

line level    source

   1          #include "reg51.h"
   2          #include "ds18b20.h"
   3          #include "lcd1602.h"
   4          #include "delay.h"
   5          
   6          char s[] = "current temp is:";
   7          char str[7];
   8          void ShowValue(float value)
   9          {
  10   1        int Z=0;
  11   1        int F=0;
  12   1        if(value<0){
  13   2          str[0] = '-';
  14   2          value = 0-value;
  15   2          Z=value;
  16   2          F=value*10-Z*10;
  17   2        }
  18   1        else{
  19   2          str[0] = '+';
  20   2          Z=value;
  21   2          F=value*10-Z*10;
  22   2        }
  23   1        str[1] = Z%100/10 + 48;
  24   1        str[2] = Z%100%10 + 48;
  25   1        str[3] = '.';
  26   1        str[4] = F + 48;
  27   1        str[5] = 'C';
  28   1        str[6] = '\0';
  29   1      }
  30          
  31          void main()
  32          {
  33   1        float temp = 0;
  34   1      
  35   1        unsigned char i=0;
  36   1      
  37   1        LCD1602Init();
  38   1        
  39   1        while(1){
  40   2          WriteCommand(0x01);
  41   2          WriteCommand(0x80);
  42   2          
  43   2          for(i=0;i<16;i++){
  44   3            if(s[i]=='\0'){
  45   4              break;
  46   4            }
  47   3            WriteData(s[i]);
  48   3          }
  49   2          
  50   2          
  51   2          WriteCommand(0x80+0x40);  // х┌Х■лл
  52   2          
  53   2          temp = DS18B20ReadTemp();
  54   2          ShowValue(temp);
C51 COMPILER V9.55   MAIN                                                                  06/20/2020 22:03:46 PAGE 2   

  55   2          
  56   2          for(i=0;i<16;i++){
  57   3            if(str[i]=='\0'){
  58   4              break;
  59   4            }
  60   3            WriteData(str[i]);
  61   3          }
  62   2      
  63   2          delayXms(1000);
  64   2        }
  65   1      
  66   1      }


MODULE INFORMATION:   STATIC OVERLAYABLE
   CODE SIZE        =    310    ----
   CONSTANT SIZE    =   ----    ----
   XDATA SIZE       =   ----    ----
   PDATA SIZE       =   ----    ----
   DATA SIZE        =     24      13
   IDATA SIZE       =   ----    ----
   BIT SIZE         =   ----    ----
END OF MODULE INFORMATION.


C51 COMPILATION COMPLETE.  0 WARNING(S),  0 ERROR(S)
