C51 COMPILER V9.01   MAIN                                                                  08/23/2016 16:26:07 PAGE 1   


C51 COMPILER V9.01, COMPILATION OF MODULE MAIN
OBJECT MODULE PLACED IN main.OBJ
COMPILER INVOKED BY: J:\mdk4\C51\BIN\C51.EXE main.c BROWSE DEBUG OBJECTEXTEND

line level    source

   1          
   2          #include<reg51.h>       
   3          #include"lcd.h"
   4          
   5          #define GPIO_KEY P1
   6          
   7          unsigned char KeyValue;
   8          //用来存放读取到的键值
   9          unsigned char KeyState;
  10          //用来存放按键状态
  11          unsigned char PuZh[]=" Pechin Science ";
  12          unsigned char dat[]="0123456789ABCDEF";
  13          void Delay10ms();   //延时50us
  14          void KeyDown();          //检测按键函数
  15           
  16          /*******************************************************************************
  17          * 函 数 名         : main
  18          * 函数功能                 : 主函数
  19          * 输    入         : 无
  20          * 输    出         : 无
  21          *******************************************************************************/
  22          void main(void)
  23          {
  24   1              unsigned char i;
  25   1              LcdInit();
  26   1              KeyState=0;
  27   1              for(i=0;i<16;i++)
  28   1              {
  29   2      //              LcdWriteCom(0x80);
  30   2                      LcdWriteData(PuZh[i]);  
  31   2              }
  32   1              while(1)
  33   1              {
  34   2                      KeyDown();
  35   2                      if(KeyState)
  36   2                      {
  37   3                              KeyState=0;
  38   3                              LcdWriteCom(0x80+0x40);
  39   3                              LcdWriteData(dat[KeyValue]);
  40   3                      }
  41   2              }                               
  42   1      }
  43          /*******************************************************************************
  44          * 函 数 名         : KeyDown
  45          * 函数功能                 : 检测有按键按下并读取键值
  46          * 输    入         : 无
  47          * 输    出         : 无
  48          *******************************************************************************/
  49          void KeyDown(void)
  50          {
  51   1              char a;
  52   1              GPIO_KEY=0x0f;
  53   1              if(GPIO_KEY!=0x0f)
  54   1              {
  55   2                      Delay10ms();
C51 COMPILER V9.01   MAIN                                                                  08/23/2016 16:26:07 PAGE 2   

  56   2                      if(GPIO_KEY!=0x0f)
  57   2                      {
  58   3                              KeyState=1;
  59   3                              //测试列
  60   3                              GPIO_KEY=0X0F;
  61   3      //                      Delay10ms();
  62   3                              switch(GPIO_KEY)
  63   3                              {
  64   4                                      case(0X07):     KeyValue=0;break;
  65   4                                      case(0X0b):     KeyValue=1;break;
  66   4                                      case(0X0d): KeyValue=2;break;
  67   4                                      case(0X0e):     KeyValue=3;break;
  68   4      //                              default:        KeyValue=17;    //检测出错回复17意思是把数码管全灭掉。
  69   4                              }
  70   3                              //测试行
  71   3                              GPIO_KEY=0XF0;
  72   3                              Delay10ms();
  73   3                              switch(GPIO_KEY)
  74   3                              {
  75   4                                      case(0X70):     KeyValue=KeyValue;break;
  76   4                                      case(0Xb0):     KeyValue=KeyValue+4;break;
  77   4                                      case(0Xd0): KeyValue=KeyValue+8;break;
  78   4                                      case(0Xe0):     KeyValue=KeyValue+12;break;
  79   4      //                              default:        KeyValue=17;
  80   4                              }
  81   3                              while((a<50)&&(GPIO_KEY!=0xf0))  //检测按键松手检测
  82   3                              {
  83   4                                      Delay10ms();
  84   4                                      a++;
  85   4                              }
  86   3                              a=0;
  87   3                      }
  88   2              }
  89   1      }
  90          /*******************************************************************************
  91          * 函 数 名         : Delay10ms
  92          * 函数功能                 : 延时函数，延时10ms
  93          * 输    入         : 无
  94          * 输    出         : 无
  95          *******************************************************************************/
  96          void Delay10ms(void)   //误差 0us
  97          {
  98   1          unsigned char a,b,c;
  99   1          for(c=1;c>0;c--)
 100   1              for(b=38;b>0;b--)
 101   1                  for(a=130;a>0;a--);
 102   1      }


MODULE INFORMATION:   STATIC OVERLAYABLE
   CODE SIZE        =    197    ----
   CONSTANT SIZE    =   ----    ----
   XDATA SIZE       =   ----    ----
   PDATA SIZE       =   ----    ----
   DATA SIZE        =     36       2
   IDATA SIZE       =   ----    ----
   BIT SIZE         =   ----    ----
END OF MODULE INFORMATION.


C51 COMPILATION COMPLETE.  0 WARNING(S),  0 ERROR(S)
