C51 COMPILER V9.01   MAIN                                                                  08/22/2016 10:57:31 PAGE 1   


C51 COMPILER V9.01, COMPILATION OF MODULE MAIN
OBJECT MODULE PLACED IN main.OBJ
COMPILER INVOKED BY: J:\mdk4\C51\BIN\C51.EXE main.c BROWSE DEBUG OBJECTEXTEND

line level    source

   1          /**************************************************************************************
   2          *                             单片机IO扩展--74HC595实验                                                                                           *
   3          实现现象：下载程序后，LED灯从左往右点亮，类似流水灯效果
   4          
   5                                  
   6          注意事项：必须将74HC595模块的JP595短接片短接，否则不会出现现象                                                                                                                                                            
   7          ***************************************************************************************/
   8          
   9          #include "reg51.h"                       //此文件中定义了单片机的一些特殊功能寄存器
  10          #include "intrins.h"
  11          
  12          typedef unsigned int u16;         //对数据类型进行声明定义
  13          typedef unsigned char u8;
  14          
  15          //--定义使用的IO口--//
  16          sbit SRCLK=P3^6;
  17          sbit RCLK=P3^5;
  18          sbit SER=P3^4;
  19          
  20          
  21          /*******************************************************************************
  22          * 函 数 名         : Hc595SendByte(u8 dat1,u8 dat2,u8 dat3,u8 dat4)
  23          * 函数功能                 : 通过595发送四个字节的数据
  24          * 输    入         : dat1：第4个595输出数值
  25          *                  * dat2: 第5个595输出数值
  26          *                  * dat3：第2个595输出数值
  27          *                  * dat4：第1个595输出数值
  28          * 输    出         : 无
  29          *******************************************************************************/
  30          void Hc595SendByte(u8 dat1,u8 dat2,u8 dat3,u8 dat4)
  31          {
  32   1              u8 a;
  33   1      
  34   1              SRCLK = 1;
  35   1              RCLK = 1;
  36   1      
  37   1              for(a=0;a<8;a++)                 //发送8位数
  38   1              {
  39   2                      SER = dat1 >> 7;                 //从最高位开始发送
  40   2                      dat1 <<= 1;
  41   2      
  42   2                      SRCLK = 0;                       //发送时序
  43   2                      _nop_();
  44   2                      _nop_();
  45   2                      SRCLK = 1;      
  46   2              }
  47   1      
  48   1              for(a=0;a<8;a++)                 //发送8位数
  49   1              {
  50   2                      SER = dat2 >> 7;                 //从最高位开始发送
  51   2                      dat2 <<= 1;
  52   2      
  53   2                      SRCLK = 0;                       //发送时序
  54   2                      _nop_();
  55   2                      _nop_();
C51 COMPILER V9.01   MAIN                                                                  08/22/2016 10:57:31 PAGE 2   

  56   2                      SRCLK = 1;      
  57   2              }
  58   1      
  59   1              for(a=0;a<8;a++)                 //发送8位数
  60   1              {
  61   2                      SER = dat3 >> 7;                 //从最高位开始发送
  62   2                      dat3 <<= 1;
  63   2      
  64   2                      SRCLK = 0;                       //发送时序
  65   2                      _nop_();
  66   2                      _nop_();
  67   2                      SRCLK = 1;      
  68   2              }
  69   1      
  70   1              for(a=0;a<8;a++)                 //发送8位数
  71   1              {
  72   2                      SER = dat4 >> 7;                 //从最高位开始发送
  73   2                      dat4 <<= 1;
  74   2      
  75   2                      SRCLK = 0;                       //发送时序
  76   2                      _nop_();
  77   2                      _nop_();
  78   2                      SRCLK = 1;      
  79   2              }
  80   1      
  81   1              RCLK = 0;
  82   1              _nop_();
  83   1              _nop_();
  84   1              RCLK = 1;
  85   1      }
  86          
  87          
  88          /*******************************************************************************
  89          * 函 数 名       : main
  90          * 函数功能               : 主函数
  91          * 输    入       : 无
  92          * 输    出       : 无
  93          *******************************************************************************/
  94          void main()
  95          {       
  96   1              
  97   1              Hc595SendByte(0xff,0xfe,0x00,0x01);
  98   1              while(1)
  99   1              {
 100   2              
 101   2              }               
 102   1      }


MODULE INFORMATION:   STATIC OVERLAYABLE
   CODE SIZE        =    136    ----
   CONSTANT SIZE    =   ----    ----
   XDATA SIZE       =   ----    ----
   PDATA SIZE       =   ----    ----
   DATA SIZE        =   ----       4
   IDATA SIZE       =   ----    ----
   BIT SIZE         =   ----    ----
END OF MODULE INFORMATION.


C51 COMPILATION COMPLETE.  0 WARNING(S),  0 ERROR(S)
