C51 COMPILER V9.01   LCD                                                                   07/31/2013 14:02:47 PAGE 1   


C51 COMPILER V9.01, COMPILATION OF MODULE LCD
OBJECT MODULE PLACED IN lcd.OBJ
COMPILER INVOKED BY: D:\Keil\C51\BIN\C51.EXE lcd.c BROWSE DEBUG OBJECTEXTEND TABS(2)

line level    source

   1          #include"lcd.h"
   2          
   3          /*******************************************************************************
   4          * 函数名         : Delay1us
   5          * 函数功能       : 延时函数，延时1us
   6          * 输入           : a
   7          * 输出           : 无
   8          *******************************************************************************/
   9          
  10          void Delay1us(uint a)
  11          {
  12   1        uint b,c;
  13   1        for(c=a;c>0;c--)
  14   1          for(b=110;b>0;b--);
  15   1      }
  16          /*******************************************************************************
  17          * 函数名         : LcdWriteCom
  18          * 函数功能       : 向LCD写入一个字节的命令
  19          * 输入           : com
  20          * 输出           : 无
  21          *******************************************************************************/
  22          #ifndef   LCD1602_4PINS  //当没有定义这个LCD1602_4PINS时
              void LcdWriteCom(uchar com)   //写入命令
              {
                LCD1602_E=0;
                LCD1602_RS=0;
                LCD1602_RW=0;
                LCD1602_DATAPINS=com;
                Delay1us(10);
                LCD1602_E=1;
                Delay1us(10);
                LCD1602_E=0;
              }
              #else 
  35          void LcdWriteCom(uchar com)   //写入命令
  36          {
  37   1        LCD1602_E=0;
  38   1        LCD1602_RS=0;
  39   1        LCD1602_RW=0;
  40   1        LCD1602_DATAPINS=com; //由于4位的接线是接到P0口的高四位，所以传送高四位不用改
  41   1        Delay1us(10);
  42   1        LCD1602_E=1;
  43   1        Delay1us(10);
  44   1        LCD1602_E=0;
  45   1        Delay1us(10);
  46   1        LCD1602_DATAPINS=com<<4;
  47   1        Delay1us(10);
  48   1        LCD1602_E=1;
  49   1        Delay1us(10);
  50   1        LCD1602_E=0;
  51   1      }
  52          #endif
  53          /*******************************************************************************
  54          * 函数名         : LcdWriteData
  55          * 函数功能       : 向LCD写入一个字节的数据
C51 COMPILER V9.01   LCD                                                                   07/31/2013 14:02:47 PAGE 2   

  56          * 输入           : dat
  57          * 输出           : 无
  58          *******************************************************************************/       
  59          #ifndef   LCD1602_4PINS      
              void LcdWriteData(uchar dat)      //写入数据
              {
                LCD1602_E=0;
                LCD1602_RS=1;
                LCD1602_RW=0;
                LCD1602_DATAPINS=dat;
                Delay1us(10);
                LCD1602_E=1;
                Delay1us(10);
                LCD1602_E=0;
              }
              #else
  72          void LcdWriteData(uchar dat)      //写入数据
  73          {
  74   1        LCD1602_E=0;
  75   1        LCD1602_RS=1;
  76   1        LCD1602_RW=0;
  77   1        LCD1602_DATAPINS=dat; //由于4位的接线是接到P0口的高四位，所以传送高四位不用改
  78   1        Delay1us(10);
  79   1        LCD1602_E=1;
  80   1        Delay1us(10);
  81   1        LCD1602_E=0;
  82   1        LCD1602_DATAPINS=dat<<4;
  83   1        Delay1us(10);
  84   1        LCD1602_E=1;
  85   1        Delay1us(10);
  86   1        LCD1602_E=0;
  87   1      }
  88          #endif
  89          /*******************************************************************************
  90          * 函数名         : LcdInit()
  91          * 函数功能       : 初始化LCD屏
  92          * 输入           : 无
  93          * 输出           : 无
  94          *******************************************************************************/       
  95          #ifndef   LCD1602_4PINS
              void LcdInit()              //LCD初始化子程序
              {
                LcdWriteCom(0x38);  //开显示
                LcdWriteCom(0x0c);  //开显示不显示光标
                LcdWriteCom(0x06);  //写一个指针加1
                LcdWriteCom(0x01);  //清屏
                LcdWriteCom(0x80);  //设置数据指针起点
              }
              #else
 105          void LcdInit()              //LCD初始化子程序
 106          {
 107   1        LcdWriteCom(0x32);   //将8位总线转为4位总线
 108   1        LcdWriteCom(0x28);   //在四位线下的初始化
 109   1        LcdWriteCom(0x0c);  //开显示不显示光标
 110   1        LcdWriteCom(0x06);  //写一个指针加1
 111   1        LcdWriteCom(0x01);  //清屏
 112   1        LcdWriteCom(0x80);  //设置数据指针起点
 113   1      }
 114          #endif


MODULE INFORMATION:   STATIC OVERLAYABLE
C51 COMPILER V9.01   LCD                                                                   07/31/2013 14:02:47 PAGE 3   

   CODE SIZE        =    124    ----
   CONSTANT SIZE    =   ----    ----
   XDATA SIZE       =   ----    ----
   PDATA SIZE       =   ----    ----
   DATA SIZE        =   ----    ----
   IDATA SIZE       =   ----    ----
   BIT SIZE         =   ----    ----
END OF MODULE INFORMATION.


C51 COMPILATION COMPLETE.  0 WARNING(S),  0 ERROR(S)
