C51 COMPILER V9.01   MAIN                                                                  08/23/2016 15:14:16 PAGE 1   


C51 COMPILER V9.01, COMPILATION OF MODULE MAIN
OBJECT MODULE PLACED IN main.OBJ
COMPILER INVOKED BY: J:\mdk4\C51\BIN\C51.EXE main.c BROWSE DEBUG OBJECTEXTEND

line level    source

   1          /**************************************************************************************
   2          *                             外部输入AD实验                                                                                              *
   3          实现现象：      具体接线操作请参考视频
   4                                  下载程序后数码管前4位显示外部输入IN3通道检测的AD值，模拟信号电压范围在0-5V
   5          注意事项：                                                                                                                                                                
   6          ***************************************************************************************/
   7          
   8          #include "reg52.h"                       //此文件中定义了单片机的一些特殊功能寄存器
   9          #include"XPT2046.h"     
  10          
  11          typedef unsigned int u16;         //对数据类型进行声明定义
  12          typedef unsigned char u8;
  13          
  14          sbit LSA=P2^2;
  15          sbit LSB=P2^3;
  16          sbit LSC=P2^4;
  17          
  18          u8 disp[4];
  19          u8 code smgduan[10]={0x3f,0x06,0x5b,0x4f,0x66,0x6d,0x7d,0x07,0x7f,0x6f};
  20          
  21          /*******************************************************************************
  22          * 函 数 名         : delay
  23          * 函数功能                 : 延时函数，i=1时，大约延时10us
  24          *******************************************************************************/
  25          void delay(u16 i)
  26          {
  27   1              while(i--);     
  28   1      }
  29          
  30          /*******************************************************************************
  31          * 函数名         :datapros()
  32          * 函数功能               :数据处理函数
  33          * 输入           : 无
  34          * 输出           : 无
  35          *******************************************************************************/
  36          void datapros()
  37          {
  38   1              u16 temp;
  39   1              static u8 i;
  40   1              if(i==50)
  41   1              {
  42   2                      i=0;
  43   2                      temp = Read_AD_Data(0xE4);              //   AIN3 外部输入
  44   2              }
  45   1              i++;
  46   1              disp[0]=smgduan[temp/1000];//千位
  47   1              disp[1]=smgduan[temp%1000/100];//百位
  48   1              disp[2]=smgduan[temp%1000%100/10];//个位
  49   1              disp[3]=smgduan[temp%1000%100%10];              
  50   1      }
  51          
  52          
  53          /*******************************************************************************
  54          * 函数名         :DigDisplay()
  55          * 函数功能               :数码管显示函数
C51 COMPILER V9.01   MAIN                                                                  08/23/2016 15:14:16 PAGE 2   

  56          * 输入           : 无
  57          * 输出           : 无
  58          *******************************************************************************/
  59          void DigDisplay()
  60          {
  61   1              u8 i;
  62   1              for(i=0;i<4;i++)
  63   1              {
  64   2                      switch(i)        //位选，选择点亮的数码管，
  65   2                      {
  66   3                              case(0):
  67   3                                      LSA=0;LSB=0;LSC=0; break;//显示第0位
  68   3                              case(1):
  69   3                                      LSA=1;LSB=0;LSC=0; break;//显示第1位
  70   3                              case(2):
  71   3                                      LSA=0;LSB=1;LSC=0; break;//显示第2位
  72   3                              case(3):
  73   3                                      LSA=1;LSB=1;LSC=0; break;//显示第3位    
  74   3                      }
  75   2                      P0=disp[i];//发送数据
  76   2                      delay(100); //间隔一段时间扫描  
  77   2                      P0=0x00;//消隐
  78   2              }               
  79   1      }
  80          
  81          /*******************************************************************************
  82          * 函 数 名       : main
  83          * 函数功能               : 主函数
  84          * 输    入       : 无
  85          * 输    出       : 无
  86          *******************************************************************************/
  87          void main()
  88          {       
  89   1              while(1)
  90   1              {
  91   2                      datapros();      //数据处理函数
  92   2                      DigDisplay();//数码管显示函数           
  93   2              }               
  94   1      }
  95          


MODULE INFORMATION:   STATIC OVERLAYABLE
   CODE SIZE        =    229    ----
   CONSTANT SIZE    =     10    ----
   XDATA SIZE       =   ----    ----
   PDATA SIZE       =   ----    ----
   DATA SIZE        =      5       2
   IDATA SIZE       =   ----    ----
   BIT SIZE         =   ----    ----
END OF MODULE INFORMATION.


C51 COMPILATION COMPLETE.  0 WARNING(S),  0 ERROR(S)
