C51 COMPILER V9.01   MAIN                                                                  08/09/2016 17:26:48 PAGE 1   


C51 COMPILER V9.01, COMPILATION OF MODULE MAIN
OBJECT MODULE PLACED IN main.OBJ
COMPILER INVOKED BY: J:\mdk4\C51\BIN\C51.EXE main.c BROWSE DEBUG OBJECTEXTEND

line level    source

   1          /**************************************************************************************
   2          *                             LED流水灯实验                                                                                               *
   3          实现现象：下载程序后LED呈现流水灯效果进行左移右移滚动
   4          注意事项：无                                                                                                                                                              
   5          ***************************************************************************************/
   6          
   7          #include "reg52.h"                       //此文件中定义了单片机的一些特殊功能寄存器
   8          #include<intrins.h>             //因为要用到左右移函数，所以加入这个头文件
   9          
  10          typedef unsigned int u16;         //对数据类型进行声明定义
  11          typedef unsigned char u8;
  12          
  13          #define led P0     //将P0口定义为led 后面就可以使用led代替P0口
  14          
  15          /*******************************************************************************
  16          * 函 数 名         : delay
  17          * 函数功能                 : 延时函数，i=1时，大约延时10us
  18          *******************************************************************************/
  19          void delay(u16 i)
  20          {
  21   1              while(i--);     
  22   1      }
  23          
  24          /*******************************************************************************
  25          * 函 数 名       : main
  26          * 函数功能               : 主函数
  27          * 输    入       : 无
  28          * 输    出       : 无
  29          *******************************************************************************/
  30          void main()
  31          {
  32   1              u8 i;
  33   1              led=0x01;
  34   1              delay(50000); //大约延时450ms   
  35   1              while(1)
  36   1              {       
  37   2      /*              for(i=0;i<8;i++)
  38   2                      {
  39   2                              P0=(0x01<<i);    //将1右移i位，然后将结果赋值到P0口
  40   2                              delay(50000); //大约延时450ms
  41   2                      }
  42   2      */
  43   2                      
  44   2                      for(i=0;i<7;i++)         //将led左移一位
  45   2                      {
  46   3                              led=_crol_(led,1);
  47   3                              delay(50000); //大约延时450ms   
  48   3                      }
  49   2                      for(i=0;i<7;i++)        //将led右移一位
  50   2                      {
  51   3                              led=_cror_(led,1);
  52   3                              delay(50000); //大约延时450ms   
  53   3                      }
  54   2              }               
  55   1      }
C51 COMPILER V9.01   MAIN                                                                  08/09/2016 17:26:48 PAGE 2   



MODULE INFORMATION:   STATIC OVERLAYABLE
   CODE SIZE        =     68    ----
   CONSTANT SIZE    =   ----    ----
   XDATA SIZE       =   ----    ----
   PDATA SIZE       =   ----    ----
   DATA SIZE        =   ----    ----
   IDATA SIZE       =   ----    ----
   BIT SIZE         =   ----    ----
END OF MODULE INFORMATION.


C51 COMPILATION COMPLETE.  0 WARNING(S),  0 ERROR(S)
