C51 COMPILER V9.01   MAIN                                                                  08/23/2016 15:08:21 PAGE 1   


C51 COMPILER V9.01, COMPILATION OF MODULE MAIN
OBJECT MODULE PLACED IN main.OBJ
COMPILER INVOKED BY: J:\mdk4\C51\BIN\C51.EXE main.c BROWSE DEBUG OBJECTEXTEND

line level    source

   1          /**************************************************************************************
   2          *                             电位器AD实验                                                                                                *
   3          实现现象：      具体接线操作请参考视频
   4                                  下载程序后数码管前4位显示电位器检测的AD值，范围是0-4095，一般达不到最大，这个受
   5                                  你供电电压的影响.
   6          注意事项：                                                                                                                                                                
   7          ***************************************************************************************/
   8          
   9          #include "reg52.h"                       //此文件中定义了单片机的一些特殊功能寄存器
  10          #include"XPT2046.h"     
  11          
  12          typedef unsigned int u16;         //对数据类型进行声明定义
  13          typedef unsigned char u8;
  14          
  15          sbit LSA=P2^2;
  16          sbit LSB=P2^3;
  17          sbit LSC=P2^4;
  18          
  19          u8 disp[4];
  20          u8 code smgduan[10]={0x3f,0x06,0x5b,0x4f,0x66,0x6d,0x7d,0x07,0x7f,0x6f};
  21          
  22          /*******************************************************************************
  23          * 函 数 名         : delay
  24          * 函数功能                 : 延时函数，i=1时，大约延时10us
  25          *******************************************************************************/
  26          void delay(u16 i)
  27          {
  28   1              while(i--);     
  29   1      }
  30          
  31          /*******************************************************************************
  32          * 函数名         :datapros()
  33          * 函数功能               :数据处理函数
  34          * 输入           : 无
  35          * 输出           : 无
  36          *******************************************************************************/
  37          void datapros()
  38          {
  39   1              u16 temp;
  40   1              static u8 i;
  41   1              if(i==50)
  42   1              {
  43   2                      i=0;
  44   2                      temp = Read_AD_Data(0x94);              //   AIN0 电位器
  45   2              }
  46   1              i++;
  47   1              disp[0]=smgduan[temp/1000];//千位
  48   1              disp[1]=smgduan[temp%1000/100];//百位
  49   1              disp[2]=smgduan[temp%1000%100/10];//个位
  50   1              disp[3]=smgduan[temp%1000%100%10];              
  51   1      }
  52          
  53          
  54          /*******************************************************************************
  55          * 函数名         :DigDisplay()
C51 COMPILER V9.01   MAIN                                                                  08/23/2016 15:08:21 PAGE 2   

  56          * 函数功能               :数码管显示函数
  57          * 输入           : 无
  58          * 输出           : 无
  59          *******************************************************************************/
  60          void DigDisplay()
  61          {
  62   1              u8 i;
  63   1              for(i=0;i<4;i++)
  64   1              {
  65   2                      switch(i)        //位选，选择点亮的数码管，
  66   2                      {
  67   3                              case(0):
  68   3                                      LSA=0;LSB=0;LSC=0; break;//显示第0位
  69   3                              case(1):
  70   3                                      LSA=1;LSB=0;LSC=0; break;//显示第1位
  71   3                              case(2):
  72   3                                      LSA=0;LSB=1;LSC=0; break;//显示第2位
  73   3                              case(3):
  74   3                                      LSA=1;LSB=1;LSC=0; break;//显示第3位    
  75   3                      }
  76   2                      P0=disp[i];//发送数据
  77   2                      delay(100); //间隔一段时间扫描  
  78   2                      P0=0x00;//消隐
  79   2              }               
  80   1      }
  81          
  82          /*******************************************************************************
  83          * 函 数 名       : main
  84          * 函数功能               : 主函数
  85          * 输    入       : 无
  86          * 输    出       : 无
  87          *******************************************************************************/
  88          void main()
  89          {       
  90   1              while(1)
  91   1              {
  92   2                      datapros();      //数据处理函数
  93   2                      DigDisplay();//数码管显示函数           
  94   2              }               
  95   1      }
  96          


MODULE INFORMATION:   STATIC OVERLAYABLE
   CODE SIZE        =    229    ----
   CONSTANT SIZE    =     10    ----
   XDATA SIZE       =   ----    ----
   PDATA SIZE       =   ----    ----
   DATA SIZE        =      5       2
   IDATA SIZE       =   ----    ----
   BIT SIZE         =   ----    ----
END OF MODULE INFORMATION.


C51 COMPILATION COMPLETE.  0 WARNING(S),  0 ERROR(S)
