C51 COMPILER V9.55   MAIN                                                                  06/16/2020 23:19:22 PAGE 1   


C51 COMPILER V9.55, COMPILATION OF MODULE MAIN
OBJECT MODULE PLACED IN .\Objects\main.obj
COMPILER INVOKED BY: C:\Keil_v5\C51\BIN\C51.EXE main.c OPTIMIZE(8,SPEED) BROWSE DEBUG OBJECTEXTEND PRINT(.\Listings\main
                    -.lst) TABS(2) OBJECT(.\Objects\main.obj)

line level    source

   1          #include "reg51.h"
   2          
   3          sbit SCL=P2^1; 
   4          sbit SDA=P2^0;
   5          
   6          sbit LSA=P2^2;
   7          sbit LSB=P2^3;
   8          sbit LSC=P2^4;
   9          
  10          sbit k1=P3^0;
  11          sbit k2=P3^1;
  12          sbit k3=P3^2;
  13          sbit k4=P3^3;
  14          
  15          unsigned char show_value=0;
  16          
  17          // 数码管显示的数字        0     1    2     3    4   5    6    7    8   9
  18          unsigned char num[10] = {0x3f,0x06,0x5b,0x4f,0x66,0x6d,0x7d,0x07,0x7f,0x6f};
  19          
  20          // 用于存放写入的数据的值 最大可为4位
  21          unsigned char show[4];
  22          
  23          // 延时10us
  24          void delay10us(void)   //误差 0us
  25          {
  26   1          unsigned char a,b;
  27   1          for(b=1;b>0;b--)
  28   1              for(a=2;a>0;a--);
  29   1      }
  30          
  31          void delay(unsigned int i)
  32          {
  33   1        while(i--); 
  34   1      }
  35          
  36          // 起始信号 SCL为高电平 SDA由高电平转为低电平
  37          void Start()
  38          {
  39   1        SDA=1;
  40   1        delay10us();
  41   1        SCL=1;
  42   1        delay10us();
  43   1        SDA=0;
  44   1        delay10us();
  45   1        SCL=0;
  46   1        delay10us();
  47   1      }
  48          
  49          // 终止信号 SCL为高电平 SDA由低电平转为高电平
  50          void End()
  51          {
  52   1        SDA=0;
  53   1        delay10us();
  54   1        SCL=1;
C51 COMPILER V9.55   MAIN                                                                  06/16/2020 23:19:22 PAGE 2   

  55   1        delay10us();
  56   1        SDA=1;
  57   1        delay10us();
  58   1      }
  59          
  60          
  61          // 从机应答主机接受数据成功  SCL为高电平 SDA会被从机由高电平拉为低电平
  62          unsigned char Response()
  63          {
  64   1        unsigned char i=0;
  65   1        SDA=1;
  66   1        delay10us();
  67   1        SCL=1;
  68   1        delay10us();
  69   1        
  70   1        while(SDA){
  71   2          i++;
  72   2          if(i>200){
  73   3            // 如果超多2m还没被拉低，则发送失败或为费应答
  74   3            SCL=0;
  75   3            delay10us();
  76   3            return 0;
  77   3          }
  78   2        }
  79   1        SCL=0;
  80   1        delay10us();
  81   1        return 1;
  82   1      }
  83          
  84          
  85          // 主机向从机发送ACK
  86          
  87          
  88          // 发送数据时，SDA不能在SCL高电平时改变电平
  89          unsigned char WriteByte(unsigned char value)
  90          {
  91   1        SCL=0;
  92   1        delay10us();
  93   1        unsigned char i=0,j=0;
*** ERROR C141 IN LINE 93 OF main.c: syntax error near 'unsigned'
*** ERROR C202 IN LINE 93 OF main.c: 'i': undefined identifier
  94   1        for(i=0;i<8;i++){
*** ERROR C202 IN LINE 94 OF main.c: 'i': undefined identifier
  95   2          SDA=value>>7;
  96   2          value=value<<1;
  97   2          delay10us();
  98   2          SCL=1;    // 修改SDA后再拉高SCL SCL上升沿时写入数据
  99   2          delay10us();  // 延时 用于写数据到iic
 100   2          SCL=0;    // 下次循环修改数据有效
 101   2          delay10us();
 102   2        }
 103   1        if(!Response()){
 104   2          return 0;
 105   2        }
 106   1      //  SDA=1;
 107   1      //  delay10us();
 108   1      //  SCL=1;
 109   1      //  delay10us();
 110   1      //  
 111   1      //  while(SDA){
 112   1      //    j++;
 113   1      //    if(j>200){
C51 COMPILER V9.55   MAIN                                                                  06/16/2020 23:19:22 PAGE 3   

 114   1      //      // 如果超多2m还没被拉低，则发送失败或为费应答
 115   1      //      SCL=0;
 116   1      //      delay10us();
 117   1      //      return 0;
 118   1      //    }
 119   1      //  }
 120   1      //  SCL=0;
 121   1      //  delay10us();
 122   1        return 1;
 123   1      }
 124          
 125          unsigned char ReadByte()
 126          {
 127   1        unsigned char value=0,i=0;
 128   1        SDA=1;
 129   1        delay10us();
 130   1        for(i=0;i<8;i++){
 131   2          SCL=1;
 132   2          delay10us();
 133   2          value<<=1;  // 获取第一位时 data=0 data<<1=0
 134   2          value|=SDA;// 第一位的值
 135   2          delay10us();
 136   2          SCL=0;    // SCL下降沿时读取数据
 137   2          delay10us();
 138   2        }
 139   1        return value;
 140   1      }
 141          
 142          void Write24C02(unsigned char addr,unsigned char value)
 143          {
 144   1        Start();
 145   1        WriteByte(0xa0);  // A0=0 A1=0 A2=0 W=0都接地，所以EEPROM的地址为0xa0+0+0
 146   1        WriteByte(addr);
 147   1        WriteByte(value);
 148   1        End();
 149   1      }
 150          
 151          unsigned char Read24C02(unsigned char addr)
 152          {
 153   1        unsigned char value;
 154   1        Start();
 155   1        WriteByte(0xa0);
 156   1        WriteByte(addr);
 157   1        Start();
 158   1        WriteByte(0xa1);    // 0xa0 + (A0A1A2)0+(W)1=0xa1
 159   1        value=ReadByte();
 160   1        End();
 161   1        return value;
 162   1      }
 163          
 164          
 165          
 166          void KeyBoard()
 167          {
 168   1        if(0==k1){
 169   2          // 写数据
 170   2          delay(1000);
 171   2          if(0==k1){
 172   3            Write24C02(0x01,show_value);  // 向地址中写入数据
 173   3          }
 174   2          while(!k1); // 按键抬起 
 175   2        }
C51 COMPILER V9.55   MAIN                                                                  06/16/2020 23:19:22 PAGE 4   

 176   1        if(0==k2){
 177   2          // 读数据
 178   2          delay(1000);
 179   2          if(0==k2){
 180   3            show_value=Read24C02(0x01);
 181   3          }
 182   2          while(!k2); // 按键抬起 
 183   2        }
 184   1        if(0==k3){
 185   2          // 显示数据加
 186   2          delay(1000);
 187   2          if(0==k3){
 188   3            show_value++;
 189   3            if(show_value>255){
 190   4              show_value=0;
 191   4            }
 192   3          }
 193   2          while(!k3); // 按键抬起 
 194   2        }
 195   1        if(0==k4){
 196   2          // 显示数据清0
 197   2          delay(1000);
 198   2          if(0==k4){
 199   3            show_value=0;
 200   3          }
 201   2          while(!k4); // 按键抬起 
 202   2        }
 203   1      }
 204          
 205          void ShowValue(unsigned char value)
 206          {
 207   1        show[0] = num[value/1000];  //千位
 208   1        show[1] = num[value%1000/100]; //百位
 209   1        show[2] = num[value%1000%100/10]; //十位
 210   1        show[3] = num[value%1000%100%10]; //个位
 211   1      }
 212          
 213          void ShowOnDevice()
 214          {
 215   1        unsigned char i=0;
 216   1        for(i=0;i<4;i++){
 217   2          // 循环给四个数码管输出要显示的数
 218   2          switch(i){
 219   3            case 0:
 220   3              LSA=0;LSB=0;LSC=0;break;  // 显示第0位
 221   3            case 1:
 222   3              LSA=1;LSB=0;LSC=0;break;  // 显示第1位
 223   3            case 2:
 224   3              LSA=0;LSB=1;LSC=0;break;  // 显示第2位
 225   3            case 3:
 226   3              LSA=1;LSB=1;LSC=0;break;  // 显示第3位
 227   3          }
 228   2          P0=show[i];
 229   2          delay(100);
 230   2          P0=0x00;  // 共阴极 消隐
 231   2        }
 232   1      
 233   1      }
 234          
 235          void main()
 236          {
 237   1        while(1){
C51 COMPILER V9.55   MAIN                                                                  06/16/2020 23:19:22 PAGE 5   

 238   2          KeyBoard();
 239   2          ShowValue(show_value);
 240   2          ShowOnDevice();
 241   2        }
 242   1      }

C51 COMPILATION COMPLETE.  0 WARNING(S),  3 ERROR(S)
